<?xml version="1.0" encoding="UTF-8"?>
<testsuite xmlns:xsi="http://www.w3.org/2001/XMLSchema-instance" xsi:noNamespaceSchemaLocation="https://maven.apache.org/surefire/maven-surefire-plugin/xsd/surefire-test-report.xsd" name="ua.tqs.coviddata.ControllerTests.CovidControllerRestAssured" time="4.766" tests="1" errors="0" skipped="0" failures="1">
  <properties>
[...]
</properties>
  <testcase name="whenGetAllCountries_thenReturnJsonArray" classname="ua.tqs.coviddata.ControllerTests.CovidControllerRestAssured" time="1.821">
    <failure message="1 expectation failed.&#10;XML path $ doesn&apos;t match.&#10;Expected: a collection with size &lt;3&gt;&#10;  Actual: &lt;404 Not FoundNot FoundThe requested URL was not found on this server.nullApache/2.4.41 (Ubuntu) Server at localhost Port 8080&gt;&#10;" type="java.lang.AssertionError"><![CDATA[java.lang.AssertionError: 
1 expectation failed.
XML path $ doesn't match.
Expected: a collection with size <3>
  Actual: <404 Not FoundNot FoundThe requested URL was not found on this server.nullApache/2.4.41 (Ubuntu) Server at localhost Port 8080>

	at ua.tqs.coviddata.ControllerTests.CovidControllerRestAssured.whenGetAllCountries_thenReturnJsonArray(CovidControllerRestAssured.java:99)
]]></failure>
    <system-out><![CDATA[13:52:09.140 [main] DEBUG org.springframework.test.context.BootstrapUtils - Instantiating CacheAwareContextLoaderDelegate from class [org.springframework.test.context.cache.DefaultCacheAwareContextLoaderDelegate]
13:52:09.157 [main] DEBUG org.springframework.test.context.BootstrapUtils - Instantiating BootstrapContext using constructor [public org.springframework.test.context.support.DefaultBootstrapContext(java.lang.Class,org.springframework.test.context.CacheAwareContextLoaderDelegate)]
13:52:09.237 [main] DEBUG org.springframework.test.context.BootstrapUtils - Instantiating TestContextBootstrapper for test class [ua.tqs.coviddata.ControllerTests.CovidControllerRestAssured] from class [org.springframework.boot.test.autoconfigure.web.servlet.WebMvcTestContextBootstrapper]
13:52:09.253 [main] INFO org.springframework.boot.test.autoconfigure.web.servlet.WebMvcTestContextBootstrapper - Neither @ContextConfiguration nor @ContextHierarchy found for test class [ua.tqs.coviddata.ControllerTests.CovidControllerRestAssured], using SpringBootContextLoader
13:52:09.262 [main] DEBUG org.springframework.test.context.support.AbstractContextLoader - Did not detect default resource location for test class [ua.tqs.coviddata.ControllerTests.CovidControllerRestAssured]: class path resource [ua/tqs/coviddata/ControllerTests/CovidControllerRestAssured-context.xml] does not exist
13:52:09.263 [main] DEBUG org.springframework.test.context.support.AbstractContextLoader - Did not detect default resource location for test class [ua.tqs.coviddata.ControllerTests.CovidControllerRestAssured]: class path resource [ua/tqs/coviddata/ControllerTests/CovidControllerRestAssuredContext.groovy] does not exist
13:52:09.263 [main] INFO org.springframework.test.context.support.AbstractContextLoader - Could not detect default resource locations for test class [ua.tqs.coviddata.ControllerTests.CovidControllerRestAssured]: no resource found for suffixes {-context.xml, Context.groovy}.
13:52:09.265 [main] INFO org.springframework.test.context.support.AnnotationConfigContextLoaderUtils - Could not detect default configuration classes for test class [ua.tqs.coviddata.ControllerTests.CovidControllerRestAssured]: CovidControllerRestAssured does not declare any static, non-private, non-final, nested classes annotated with @Configuration.
13:52:09.373 [main] DEBUG org.springframework.test.context.support.ActiveProfilesUtils - Could not find an 'annotation declaring class' for annotation type [org.springframework.test.context.ActiveProfiles] and class [ua.tqs.coviddata.ControllerTests.CovidControllerRestAssured]
13:52:09.462 [main] DEBUG org.springframework.context.annotation.ClassPathScanningCandidateComponentProvider - Identified candidate component class: file [/home/patricia/GitHubRep/TQS/HW1/coviddata/target/classes/ua/tqs/coviddata/CovidDataApplication.class]
13:52:09.463 [main] INFO org.springframework.boot.test.context.SpringBootTestContextBootstrapper - Found @SpringBootConfiguration ua.tqs.coviddata.CovidDataApplication for test class ua.tqs.coviddata.ControllerTests.CovidControllerRestAssured
13:52:09.467 [main] DEBUG org.springframework.boot.test.autoconfigure.web.servlet.WebMvcTestContextBootstrapper - @TestExecutionListeners is not present for class [ua.tqs.coviddata.ControllerTests.CovidControllerRestAssured]: using defaults.
13:52:09.468 [main] INFO org.springframework.boot.test.autoconfigure.web.servlet.WebMvcTestContextBootstrapper - Loaded default TestExecutionListener class names from location [META-INF/spring.factories]: [org.springframework.boot.test.mock.mockito.MockitoTestExecutionListener, org.springframework.boot.test.mock.mockito.ResetMocksTestExecutionListener, org.springframework.boot.test.autoconfigure.restdocs.RestDocsTestExecutionListener, org.springframework.boot.test.autoconfigure.web.client.MockRestServiceServerResetTestExecutionListener, org.springframework.boot.test.autoconfigure.web.servlet.MockMvcPrintOnlyOnFailureTestExecutionListener, org.springframework.boot.test.autoconfigure.web.servlet.WebDriverTestExecutionListener, org.springframework.boot.test.autoconfigure.webservices.client.MockWebServiceServerTestExecutionListener, org.springframework.test.context.web.ServletTestExecutionListener, org.springframework.test.context.support.DirtiesContextBeforeModesTestExecutionListener, org.springframework.test.context.event.ApplicationEventsTestExecutionListener, org.springframework.test.context.support.DependencyInjectionTestExecutionListener, org.springframework.test.context.support.DirtiesContextTestExecutionListener, org.springframework.test.context.transaction.TransactionalTestExecutionListener, org.springframework.test.context.jdbc.SqlScriptsTestExecutionListener, org.springframework.test.context.event.EventPublishingTestExecutionListener]
13:52:09.487 [main] DEBUG org.springframework.boot.test.autoconfigure.web.servlet.WebMvcTestContextBootstrapper - Skipping candidate TestExecutionListener [org.springframework.test.context.transaction.TransactionalTestExecutionListener] due to a missing dependency. Specify custom listener classes or make the default listener classes and their required dependencies available. Offending class: [org/springframework/transaction/interceptor/TransactionAttributeSource]
13:52:09.489 [main] DEBUG org.springframework.boot.test.autoconfigure.web.servlet.WebMvcTestContextBootstrapper - Skipping candidate TestExecutionListener [org.springframework.test.context.jdbc.SqlScriptsTestExecutionListener] due to a missing dependency. Specify custom listener classes or make the default listener classes and their required dependencies available. Offending class: [org/springframework/transaction/interceptor/TransactionAttribute]
13:52:09.489 [main] INFO org.springframework.boot.test.autoconfigure.web.servlet.WebMvcTestContextBootstrapper - Using TestExecutionListeners: [org.springframework.test.context.web.ServletTestExecutionListener@727453a3, org.springframework.test.context.support.DirtiesContextBeforeModesTestExecutionListener@67dc6b48, org.springframework.test.context.event.ApplicationEventsTestExecutionListener@57f2e67, org.springframework.boot.test.mock.mockito.MockitoTestExecutionListener@4571cebe, org.springframework.boot.test.autoconfigure.SpringBootDependencyInjectionTestExecutionListener@154864f8, org.springframework.test.context.support.DirtiesContextTestExecutionListener@11cadb32, org.springframework.test.context.event.EventPublishingTestExecutionListener@6d3ad37a, org.springframework.boot.test.mock.mockito.ResetMocksTestExecutionListener@26f5e45d, org.springframework.boot.test.autoconfigure.restdocs.RestDocsTestExecutionListener@704c3bdf, org.springframework.boot.test.autoconfigure.web.client.MockRestServiceServerResetTestExecutionListener@37986daf, org.springframework.boot.test.autoconfigure.web.servlet.MockMvcPrintOnlyOnFailureTestExecutionListener@c82d925, org.springframework.boot.test.autoconfigure.web.servlet.WebDriverTestExecutionListener@55c03e4, org.springframework.boot.test.autoconfigure.webservices.client.MockWebServiceServerTestExecutionListener@14df5253]
13:52:09.495 [main] DEBUG org.springframework.test.context.support.AbstractDirtiesContextTestExecutionListener - Before test class: context [DefaultTestContext@39e3ea78 testClass = CovidControllerRestAssured, testInstance = [null], testMethod = [null], testException = [null], mergedContextConfiguration = [WebMergedContextConfiguration@35e689a0 testClass = CovidControllerRestAssured, locations = '{}', classes = '{class ua.tqs.coviddata.CovidDataApplication}', contextInitializerClasses = '[]', activeProfiles = '{}', propertySourceLocations = '{}', propertySourceProperties = '{org.springframework.boot.test.autoconfigure.web.servlet.WebMvcTestContextBootstrapper=true}', contextCustomizers = set[[ImportsContextCustomizer@43b6cb1c key = [org.springframework.boot.autoconfigure.cache.CacheAutoConfiguration, org.springframework.boot.autoconfigure.context.MessageSourceAutoConfiguration, org.springframework.boot.autoconfigure.data.web.SpringDataWebAutoConfiguration, org.springframework.boot.autoconfigure.freemarker.FreeMarkerAutoConfiguration, org.springframework.boot.autoconfigure.groovy.template.GroovyTemplateAutoConfiguration, org.springframework.boot.autoconfigure.gson.GsonAutoConfiguration, org.springframework.boot.autoconfigure.hateoas.HypermediaAutoConfiguration, org.springframework.boot.autoconfigure.http.HttpMessageConvertersAutoConfiguration, org.springframework.boot.autoconfigure.jackson.JacksonAutoConfiguration, org.springframework.boot.autoconfigure.jsonb.JsonbAutoConfiguration, org.springframework.boot.autoconfigure.mustache.MustacheAutoConfiguration, org.springframework.boot.autoconfigure.task.TaskExecutionAutoConfiguration, org.springframework.boot.autoconfigure.thymeleaf.ThymeleafAutoConfiguration, org.springframework.boot.autoconfigure.validation.ValidationAutoConfiguration, org.springframework.boot.autoconfigure.web.servlet.error.ErrorMvcAutoConfiguration, org.springframework.boot.autoconfigure.web.servlet.HttpEncodingAutoConfiguration, org.springframework.boot.autoconfigure.web.servlet.WebMvcAutoConfiguration, org.springframework.boot.test.autoconfigure.web.servlet.MockMvcAutoConfiguration, org.springframework.boot.test.autoconfigure.web.servlet.MockMvcWebClientAutoConfiguration, org.springframework.boot.test.autoconfigure.web.servlet.MockMvcWebDriverAutoConfiguration, org.springframework.boot.autoconfigure.security.oauth2.client.servlet.OAuth2ClientAutoConfiguration, org.springframework.boot.autoconfigure.security.oauth2.resource.servlet.OAuth2ResourceServerAutoConfiguration, org.springframework.boot.autoconfigure.security.servlet.SecurityAutoConfiguration, org.springframework.boot.autoconfigure.security.servlet.SecurityFilterAutoConfiguration, org.springframework.boot.autoconfigure.security.servlet.UserDetailsServiceAutoConfiguration, org.springframework.boot.test.autoconfigure.web.servlet.MockMvcSecurityConfiguration, org.springframework.boot.test.autoconfigure.web.reactive.WebTestClientAutoConfiguration]], org.springframework.boot.test.context.filter.ExcludeFilterContextCustomizer@5bc63e20, org.springframework.boot.test.json.DuplicateJsonObjectContextCustomizerFactory$DuplicateJsonObjectContextCustomizer@1a531422, org.springframework.boot.test.mock.mockito.MockitoContextCustomizer@50a53fb7, org.springframework.boot.test.autoconfigure.OverrideAutoConfigurationContextCustomizerFactory$DisableAutoConfigurationContextCustomizer@1e40fbb3, org.springframework.boot.test.autoconfigure.actuate.metrics.MetricsExportContextCustomizerFactory$DisableMetricExportContextCustomizer@39023dbf, org.springframework.boot.test.autoconfigure.filter.TypeExcludeFiltersContextCustomizer@87483298, org.springframework.boot.test.autoconfigure.properties.PropertyMappingContextCustomizer@fe745982, org.springframework.boot.test.autoconfigure.web.servlet.WebDriverContextCustomizerFactory$Customizer@51888019, org.springframework.boot.test.context.SpringBootTestArgs@1, org.springframework.boot.test.context.SpringBootTestWebEnvironment@0], resourceBasePath = 'src/main/webapp', contextLoader = 'org.springframework.boot.test.context.SpringBootContextLoader', parent = [null]], attributes = map[[empty]]], class annotated with @DirtiesContext [false] with mode [null].

  .   ____          _            __ _ _
 /\\ / ___'_ __ _ _(_)_ __  __ _ \ \ \ \
( ( )\___ | '_ | '_| | '_ \/ _` | \ \ \ \
 \\/  ___)| |_)| | | | | || (_| |  ) ) ) )
  '  |____| .__|_| |_|_| |_\__, | / / / /
 =========|_|==============|___/=/_/_/_/
 :: Spring Boot ::                (v2.6.6)

2022-05-02 13:52:10.010  WARN 16827 --- [           main] ory$DuplicateJsonObjectContextCustomizer : 

Found multiple occurrences of org.json.JSONObject on the class path:

	jar:file:/home/patricia/.m2/repository/org/json/json/20190722/json-20190722.jar!/org/json/JSONObject.class
	jar:file:/home/patricia/.m2/repository/com/vaadin/external/google/android-json/0.0.20131108.vaadin1/android-json-0.0.20131108.vaadin1.jar!/org/json/JSONObject.class

You may wish to exclude one of them to ensure predictable runtime behavior

2022-05-02 13:52:10.026  INFO 16827 --- [           main] u.t.c.C.CovidControllerRestAssured       : Starting CovidControllerRestAssured using Java 11.0.15 on pmd with PID 16827 (started by patricia in /home/patricia/GitHubRep/TQS/HW1/coviddata)
2022-05-02 13:52:10.027  INFO 16827 --- [           main] u.t.c.C.CovidControllerRestAssured       : No active profile set, falling back to 1 default profile: "default"
2022-05-02 13:52:11.693  INFO 16827 --- [           main] o.s.b.a.w.s.WelcomePageHandlerMapping    : Adding welcome page template: index
2022-05-02 13:52:11.933  INFO 16827 --- [           main] o.s.b.t.m.w.SpringBootMockServletContext : Initializing Spring TestDispatcherServlet ''
2022-05-02 13:52:11.933  INFO 16827 --- [           main] o.s.t.web.servlet.TestDispatcherServlet  : Initializing Servlet ''
2022-05-02 13:52:11.934  INFO 16827 --- [           main] o.s.t.web.servlet.TestDispatcherServlet  : Completed initialization in 0 ms
2022-05-02 13:52:11.962  INFO 16827 --- [           main] u.t.c.C.CovidControllerRestAssured       : Started CovidControllerRestAssured in 2.374 seconds (JVM running for 3.849)
]]></system-out>
  </testcase>
</testsuite>