-------------------------------------------------------------------------------
Test set: ua.tqs.coviddata.ControllerTests.CovidControllerRestAssuredTest
-------------------------------------------------------------------------------
Tests run: 1, Failures: 1, Errors: 0, Skipped: 0, Time elapsed: 1.589 s <<< FAILURE! - in ua.tqs.coviddata.ControllerTests.CovidControllerRestAssuredTest
whenGetStatistics_thenReturnJson  Time elapsed: 1.588 s  <<< FAILURE!
java.lang.AssertionError: 
1 expectation failed.
JSON path  doesn't match.
Expected: a collection with size <2>
  Actual: <[{continent=Oceania, country=Nauru, cases={new=+1, recovered=3, total=5, critical=null, active=2, 1M_pop=457}, tests={total=null, 1M_pop=null}, time=2022-05-02T17:30:05+00:00, day=2022-05-02, deaths={new=null, total=null, 1M_pop=null}, population=10948}, {continent=Oceania, country=Marshall-Islands, cases={new=null, recovered=14, total=17, critical=null, active=3, 1M_pop=284}, tests={total=null, 1M_pop=null}, time=2022-05-02T17:30:05+00:00, day=2022-05-02, deaths={new=null, total=null, 1M_pop=null}, population=59916}, {continent=North-America, country=Saint-Martin, cases={new=null, recovered=1399, total=10462, critical=7, active=9000, 1M_pop=262403}, tests={total=112382, 1M_pop=2818711}, time=2022-05-02T17:30:05+00:00, day=2022-05-02, deaths={new=null, total=63, 1M_pop=1580}, population=39870}, {continent=North-America, country=Sint-Maarten, cases={new=null, recovered=9878, total=10036, critical=10, active=72, 1M_pop=229316}, tests={total=62056, 1M_pop=1417937}, time=2022-05-02T17:30:05+00:00, day=2022-05-02, deaths={new=null, total=86, 1M_pop=1965}, population=43765}, {continent=Oceania, country=Samoa, cases={new=null, recovered=1605, total=9592, critical=4, active=7968, 1M_pop=47763}, tests={total=65949, 1M_pop=328394}, time=2022-05-02T17:30:05+00:00, day=2022-05-02, deaths={new=null, total=19, 1M_pop=95}, population=200823}, {continent=Africa, country=Niger, cases={new=null, recovered=8524, total=8941, critical=1, active=108, 1M_pop=346}, tests={total=250347, 1M_pop=9701}, time=2022-05-02T17:30:05+00:00, day=2022-05-02, deaths={new=null, total=309, 1M_pop=12}, population=25806158}, {continent=North-America, country=Antigua-and-Barbuda, cases={new=null, recovered=7443, total=7626, critical=1, active=47, 1M_pop=76713}, tests={total=18901, 1M_pop=190132}, time=2022-05-02T17:30:05+00:00, day=2022-05-02, deaths={new=null, total=136, 1M_pop=1368}, population=99410}, {continent=Oceania, country=Vanuatu, cases={new=+27, recovered=6768, total=7507, critical=4, active=726, 1M_pop=23441}, tests={total=24976, 1M_pop=77989}, time=2022-05-02T17:30:05+00:00, day=2022-05-02, deaths={new=null, total=13, 1M_pop=41}, population=320252}, {continent=North-America, country=St-Vincent-Grenadines, cases={new=null, recovered=6641, total=6786, critical=null, active=39, 1M_pop=60815}, tests={total=98941, 1M_pop=886695}, time=2022-05-02T17:30:05+00:00, day=2022-05-02, deaths={new=null, total=106, 1M_pop=950}, population=111584}, {continent=North-America, country=British-Virgin-Islands, cases={new=null, recovered=null, total=6355, critical=1, active=null, 1M_pop=207687}, tests={total=103049, 1M_pop=3367724}, time=2022-05-02T17:30:05+00:00, day=2022-05-02, deaths={new=null, total=62, 1M_pop=2026}, population=30599}, {continent=North-America, country=Turks-and-Caicos, cases={new=null, recovered=5862, total=5963, critical=4, active=65, 1M_pop=150300}, tests={total=488787, 1M_pop=12320084}, time=2022-05-02T17:30:05+00:00, day=2022-05-02, deaths={new=null, total=36, 1M_pop=907}, population=39674}, {continent=Africa, country=Sao-Tome-and-Principe, cases={new=null, recovered=5880, total=5957, critical=null, active=4, 1M_pop=26290}, tests={total=29036, 1M_pop=128142}, time=2022-05-02T17:30:05+00:00, day=2022-05-02, deaths={new=null, total=73, 1M_pop=322}, population=226592}, {continent=Africa, country=Saint-Helena, cases={new=null, recovered=2, total=2, critical=null, active=0, 1M_pop=327}, tests={total=null, 1M_pop=null}, time=2022-05-02T17:30:05+00:00, day=2022-05-02, deaths={new=null, total=null, 1M_pop=null}, population=6107}, {continent=Oceania, country=Cook-Islands, cases={new=+39, recovered=4788, total=5070, critical=null, active=281, 1M_pop=288183}, tests={total=16607, 1M_pop=943955}, time=2022-05-02T17:30:05+00:00, day=2022-05-02, deaths={new=null, total=1, 1M_pop=57}, population=17593}, {continent=Oceania, country=Palau, cases={new=null, recovered=3984, total=4610, critical=1, active=620, 1M_pop=252575}, tests={total=46016, 1M_pop=2521148}, time=2022-05-02T17:30:05+00:00, day=2022-05-02, deaths={new=null, total=6, 1M_pop=329}, population=18252}, {continent=Oceania, country=Kiribati, cases={new=+2, recovered=2601, total=3084, critical=3, active=470, 1M_pop=25115}, tests={total=null, 1M_pop=null}, time=2022-05-02T17:30:05+00:00, day=2022-05-02, deaths={new=null, total=13, 1M_pop=106}, population=122797}, {continent=North-America, country=Anguilla, cases={new=null, recovered=2766, total=2788, critical=4, active=13, 1M_pop=182844}, tests={total=51382, 1M_pop=3369753}, time=2022-05-02T17:30:05+00:00, day=2022-05-02, deaths={new=null, total=9, 1M_pop=590}, population=15248}, {continent=Asia, country=Yemen, cases={new=null, recovered=9009, total=11818, critical=23, active=660, 1M_pop=381}, tests={total=265253, 1M_pop=8553}, time=2022-05-02T17:30:05+00:00, day=2022-05-02, deaths={new=+1, total=2149, 1M_pop=69}, population=31011237}, {continent=Asia, country=China, cases={new=+865, recovered=192187, total=217452, critical=576, active=20173, 1M_pop=151}, tests={total=160000000, 1M_pop=111163}, time=2022-05-02T17:30:05+00:00, day=2022-05-02, deaths={new=+32, total=5092, 1M_pop=4}, population=1439323776}, {continent=North-America, country=St-Barth, cases={new=+112, recovered=null, total=4544, critical=null, active=null, 1M_pop=457511}, tests={total=78646, 1M_pop=7918445}, time=2022-05-02T17:30:05+00:00, day=2022-05-02, deaths={new=null, total=6, 1M_pop=604}, population=9932}, {continent=Europe, country=Monaco, cases={new=+1, recovered=11616, total=11771, critical=4, active=101, 1M_pop=296126}, tests={total=54960, 1M_pop=1382642}, time=2022-05-02T17:30:05+00:00, day=2022-05-02, deaths={new=null, total=54, 1M_pop=1358}, population=39750}, {continent=North-America, country=Caribbean-Netherlands, cases={new=null, recovered=9619, total=9729, critical=null, active=76, 1M_pop=364819}, tests={total=30126, 1M_pop=1129669}, time=2022-05-02T17:30:05+00:00, day=2022-05-02, deaths={new=null, total=34, 1M_pop=1275}, population=26668}, {continent=Africa, country=Guinea-Bissau, cases={new=null, recovered=7528, total=8202, critical=6, active=503, 1M_pop=3995}, tests={total=134285, 1M_pop=65415}, time=2022-05-02T17:30:05+00:00, day=2022-05-02, deaths={new=null, total=171, 1M_pop=83}, population=2052815}, {continent=Africa, country=Comoros, cases={new=null, recovered=7933, total=8100, critical=null, active=7, 1M_pop=8966}, tests={total=null, 1M_pop=null}, time=2022-05-02T17:30:05+00:00, day=2022-05-02, deaths={new=null, total=160, 1M_pop=177}, population=903381}, {continent=Oceania, country=Niue, cases={new=+1, recovered=7, total=9, critical=null, active=2, 1M_pop=5468}, tests={total=null, 1M_pop=null}, time=2022-05-02T17:30:05+00:00, day=2022-05-02, deaths={new=null, total=null, 1M_pop=null}, population=1646}, {continent=Africa, country=Sierra-Leone, cases={new=null, recovered=null, total=7681, critical=null, active=null, 1M_pop=928}, tests={total=259958, 1M_pop=31423}, time=2022-05-02T17:30:05+00:00, day=2022-05-02, deaths={new=null, total=125, 1M_pop=15}, population=8272811}, {continent=Africa, country=Chad, cases={new=+15, recovered=4874, total=7411, critical=null, active=2344, 1M_pop=429}, tests={total=191341, 1M_pop=11075}, time=2022-05-02T17:30:05+00:00, day=2022-05-02, deaths={new=null, total=193, 1M_pop=11}, population=17277400}, {continent=Africa, country=Liberia, cases={new=null, recovered=5747, total=7434, critical=2, active=1393, 1M_pop=1409}, tests={total=139824, 1M_pop=26510}, time=2022-05-02T17:30:05+00:00, day=2022-05-02, deaths={new=null, total=294, 1M_pop=56}, population=5274440}, {continent=Oceania, country=Wallis-and-Futuna, cases={new=null, recovered=438, total=454, critical=null, active=9, 1M_pop=41728}, tests={total=20508, 1M_pop=1884926}, time=2022-05-02T17:30:05+00:00, day=2022-05-02, deaths={new=null, total=7, 1M_pop=643}, population=10880}, {continent=South-America, country=Falkland-Islands, cases={new=null, recovered=null, total=128, critical=null, active=null, 1M_pop=34925}, tests={total=8632, 1M_pop=2355252}, time=2022-05-02T17:30:05+00:00, day=2022-05-02, deaths={new=null, total=null, 1M_pop=null}, population=3665}, {continent=Oceania, country=Micronesia, cases={new=null, recovered=1, total=7, critical=null, active=6, 1M_pop=60}, tests={total=null, 1M_pop=null}, time=2022-05-02T17:30:05+00:00, day=2022-05-02, deaths={new=null, total=null, 1M_pop=null}, population=117222}, {continent=Europe, country=Vatican-City, cases={new=null, recovered=29, total=29, critical=null, active=0, 1M_pop=36025}, tests={total=null, 1M_pop=null}, time=2022-05-02T17:30:05+00:00, day=2022-05-02, deaths={new=null, total=null, 1M_pop=null}, population=805}, {continent=null, country=Diamond-Princess, cases={new=null, recovered=699, total=712, critical=null, active=0, 1M_pop=null}, tests={total=null, 1M_pop=null}, time=2022-05-02T17:30:05+00:00, day=2022-05-02, deaths={new=null, total=13, 1M_pop=null}, population=null}, {continent=null, country=MS-Zaandam, cases={new=null, recovered=7, total=9, critical=null, active=0, 1M_pop=null}, tests={total=null, 1M_pop=null}, time=2022-05-02T17:30:05+00:00, day=2022-05-02, deaths={new=null, total=2, 1M_pop=null}, population=null}, {continent=Oceania, country=Tonga, cases={new=+132, recovered=9127, total=10452, critical=null, active=1314, 1M_pop=96883}, tests={total=470236, 1M_pop=4358759}, time=2022-05-02T17:30:05+00:00, day=2022-05-02, deaths={new=null, total=11, 1M_pop=102}, population=107883}, {continent=North-America, country=Saint-Pierre-Miquelon, cases={new=+60, recovered=2449, total=2701, critical=1, active=251, 1M_pop=470394}, tests={total=23446, 1M_pop=4083246}, time=2022-05-02T17:30:05+00:00, day=2022-05-02, deaths={new=null, total=1, 1M_pop=174}, population=5742}, {continent=North-America, country=Saint-Kitts-and-Nevis, cases={new=null, recovered=5519, total=5566, critical=null, active=4, 1M_pop=103292}, tests={total=70707, 1M_pop=1312159}, time=2022-05-02T17:30:05+00:00, day=2022-05-02, deaths={new=null, total=43, 1M_pop=798}, population=53886}, {continent=Asia, country=Macao, cases={new=null, recovered=82, total=82, critical=null, active=0, 1M_pop=123}, tests={total=5375, 1M_pop=8086}, time=2022-05-02T17:30:05+00:00, day=2022-05-02, deaths={new=null, total=null, 1M_pop=null}, population=664755}, {continent=Africa, country=Eritrea, cases={new=null, recovered=9631, total=9734, critical=null, active=0, 1M_pop=2677}, tests={total=23693, 1M_pop=6517}, time=2022-05-02T17:30:05+00:00, day=2022-05-02, deaths={new=null, total=103, 1M_pop=28}, population=3635548}, {continent=Africa, country=Western-Sahara, cases={new=null, recovered=9, total=10, critical=null, active=0, 1M_pop=16}, tests={total=null, 1M_pop=null}, time=2022-05-02T17:30:05+00:00, day=2022-05-02, deaths={new=null, total=1, 1M_pop=2}, population=623634}, {continent=North-America, country=Montserrat, cases={new=+32, recovered=181, total=273, critical=null, active=90, 1M_pop=54622}, tests={total=10135, 1M_pop=2027811}, time=2022-05-02T17:30:05+00:00, day=2022-05-02, deaths={new=null, total=2, 1M_pop=400}, population=4998}, {continent=Africa, country=Eswatini, cases={new=+14, recovered=68906, total=70657, critical=11, active=354, 1M_pop=59772}, tests={total=1015536, 1M_pop=859088}, time=2022-05-02T17:30:04+00:00, day=2022-05-02, deaths={new=null, total=1397, 1M_pop=1182}, population=1182109}, {continent=North-America, country=Barbados, cases={new=+369, recovered=66662, total=70449, critical=null, active=3392, 1M_pop=244599}, tests={total=650288, 1M_pop=2257803}, time=2022-05-02T17:30:04+00:00, day=2022-05-02, deaths={new=+1, total=395, 1M_pop=1371}, population=288018}, {continent=South-America, country=Guyana, cases={new=+9, recovered=62143, total=63482, critical=1, active=111, 1M_pop=80004}, tests={total=597749, 1M_pop=753320}, time=2022-05-02T17:30:04+00:00, day=2022-05-02, deaths={new=null, total=1228, 1M_pop=1548}, population=793486}, {continent=Oceania, country=New-Caledonia, cases={new=null, recovered=60102, total=60517, critical=9, active=103, 1M_pop=208312}, tests={total=98964, 1M_pop=340654}, time=2022-05-02T17:30:04+00:00, day=2022-05-02, deaths={new=null, total=312, 1M_pop=1074}, population=290512}, {continent=Africa, country=Mauritania, cases={new=null, recovered=57695, total=58688, critical=null, active=11, 1M_pop=12044}, tests={total=804074, 1M_pop=165012}, time=2022-05-02T17:30:04+00:00, day=2022-05-02, deaths={new=null, total=982, 1M_pop=202}, population=4872825}, {continent=North-America, country=Belize, cases={new=null, recovered=56604, total=57497, critical=6, active=217, 1M_pop=139959}, tests={total=539513, 1M_pop=1313284}, time=2022-05-02T17:30:04+00:00, day=2022-05-02, deaths={new=null, total=676, 1M_pop=1646}, population=410812}, {continent=Africa, country=Cabo-Verde, cases={new=+3, recovered=55555, total=56025, critical=23, active=69, 1M_pop=98806}, tests={total=400982, 1M_pop=707176}, time=2022-05-02T17:30:04+00:00, day=2022-05-02, deaths={new=null, total=401, 1M_pop=707}, population=567019}, {continent=Africa, country=Gabon, cases={new=null, recovered=47285, total=47602, critical=null, active=13, 1M_pop=20504}, tests={total=1593622, 1M_pop=686421}, time=2022-05-02T17:30:04+00:00, day=2022-05-02, deaths={new=null, total=304, 1M_pop=131}, population=2321641}, {continent=Africa, country=Seychelles, cases={new=null, recovered=41727, total=42474, critical=null, active=581, 1M_pop=427050}, tests={total=null, 1M_pop=null}, time=2022-05-02T17:30:04+00:00, day=2022-05-02, deaths={new=null, total=166, 1M_pop=1669}, population=99459}, {continent=North-America, country=Cura&ccedil;ao, cases={new=null, recovered=41612, total=42241, critical=3, active=355, 1M_pop=255512}, tests={total=496693, 1M_pop=3004452}, time=2022-05-02T17:30:04+00:00, day=2022-05-02, deaths={new=null, total=274, 1M_pop=1657}, population=165319}, {continent=Africa, country=South-Sudan, cases={new=+5, recovered=13514, total=17461, critical=1, active=3809, 1M_pop=1527}, tests={total=381528, 1M_pop=33373}, time=2022-05-02T17:30:04+00:00, day=2022-05-02, deaths={new=null, total=138, 1M_pop=12}, population=11432401}, {continent=Africa, country=Burundi, cases={new=null, recovered=773, total=39998, critical=null, active=39187, 1M_pop=3190}, tests={total=345742, 1M_pop=27577}, time=2022-05-02T17:30:04+00:00, day=2022-05-02, deaths={new=null, total=38, 1M_pop=3}, population=12537365}, {continent=Africa, country=Mayotte, cases={new=null, recovered=2964, total=37363, critical=null, active=34212, 1M_pop=131174}, tests={total=176919, 1M_pop=621128}, time=2022-05-02T17:30:04+00:00, day=2022-05-02, deaths={new=null, total=187, 1M_pop=657}, population=284835}, {continent=North-America, country=Aruba, cases={new=null, recovered=34516, total=34846, critical=3, active=118, 1M_pop=323866}, tests={total=177885, 1M_pop=1653299}, time=2022-05-02T17:30:04+00:00, day=2022-05-02, deaths={new=null, total=212, 1M_pop=1970}, population=107594}, {continent=North-America, country=Bahamas, cases={new=+20, recovered=32363, total=33578, critical=null, active=417, 1M_pop=83922}, tests={total=229817, 1M_pop=574386}, time=2022-05-02T17:30:04+00:00, day=2022-05-02, deaths={new=null, total=798, 1M_pop=1994}, population=400109}, {continent=Europe, country=Isle-of-Man, cases={new=null, recovered=26794, total=28416, critical=null, active=1535, 1M_pop=330977}, tests={total=150753, 1M_pop=1755902}, time=2022-05-02T17:30:04+00:00, day=2022-05-02, deaths={new=null, total=87, 1M_pop=1013}, population=85855}, {continent=North-America, country=Saint-Lucia, cases={new=null, recovered=22815, total=23394, critical=null, active=211, 1M_pop=126345}, tests={total=143281, 1M_pop=773823}, time=2022-05-02T17:30:04+00:00, day=2022-05-02, deaths={new=null, total=368, 1M_pop=1987}, population=185160}, {continent=Asia, country=Timor-Leste, cases={new=+4, recovered=22723, total=22871, critical=null, active=18, 1M_pop=16764}, tests={total=262824, 1M_pop=192642}, time=2022-05-02T17:30:04+00:00, day=2022-05-02, deaths={new=null, total=130, 1M_pop=95}, population=1364310}, {continent=North-America, country=Cayman-Islands, cases={new=null, recovered=8553, total=22223, critical=1, active=13643, 1M_pop=331034}, tests={total=222773, 1M_pop=3318432}, time=2022-05-02T17:30:04+00:00, day=2022-05-02, deaths={new=null, total=27, 1M_pop=402}, population=67132}, {continent=Africa, country=Tanzania, cases={new=+8, recovered=null, total=33872, critical=7, active=null, 1M_pop=539}, tests={total=null, 1M_pop=null}, time=2022-05-02T17:30:04+00:00, day=2022-05-02, deaths={new=null, total=803, 1M_pop=13}, population=62817445}, {continent=Africa, country=Equatorial-Guinea, cases={new=null, recovered=15698, total=15907, critical=5, active=26, 1M_pop=10696}, tests={total=310972, 1M_pop=209109}, time=2022-05-02T17:30:04+00:00, day=2022-05-02, deaths={new=null, total=183, 1M_pop=123}, population=1487132}, {continent=Oceania, country=Solomon-Islands, cases={new=+891, recovered=14109, total=15677, critical=2, active=1427, 1M_pop=21845}, tests={total=5117, 1M_pop=7130}, time=2022-05-02T17:30:04+00:00, day=2022-05-02, deaths={new=null, total=141, 1M_pop=196}, population=717643}, {continent=Africa, country=Djibouti, cases={new=+20, recovered=15427, total=15631, critical=null, active=15, 1M_pop=15411}, tests={total=305941, 1M_pop=301644}, time=2022-05-02T17:30:04+00:00, day=2022-05-02, deaths={new=null, total=189, 1M_pop=186}, population=1014246}, {continent=North-America, country=Grenada, cases={new=+114, recovered=14111, total=14743, critical=4, active=412, 1M_pop=129922}, tests={total=150740, 1M_pop=1328387}, time=2022-05-02T17:30:04+00:00, day=2022-05-02, deaths={new=null, total=220, 1M_pop=1939}, population=113476}, {continent=North-America, country=Dominica, cases={new=null, recovered=12025, total=12161, critical=null, active=73, 1M_pop=168172}, tests={total=191084, 1M_pop=2642457}, time=2022-05-02T17:30:04+00:00, day=2022-05-02, deaths={new=null, total=63, 1M_pop=871}, population=72313}, {continent=Africa, country=Gambia, cases={new=null, recovered=11591, total=11995, critical=null, active=39, 1M_pop=4721}, tests={total=155686, 1M_pop=61278}, time=2022-05-02T17:30:04+00:00, day=2022-05-02, deaths={new=null, total=365, 1M_pop=144}, population=2540633}, {continent=Africa, country=Somalia, cases={new=null, recovered=13182, total=26485, critical=null, active=11953, 1M_pop=1586}, tests={total=400466, 1M_pop=23988}, time=2022-05-02T17:30:04+00:00, day=2022-05-02, deaths={new=null, total=1350, 1M_pop=81}, population=16694320}, {continent=Africa, country=Togo, cases={new=+4, recovered=36688, total=36989, critical=null, active=28, 1M_pop=4285}, tests={total=730726, 1M_pop=84648}, time=2022-05-02T17:30:04+00:00, day=2022-05-02, deaths={new=null, total=273, 1M_pop=32}, population=8632524}, {continent=Africa, country=Mali, cases={new=+10, recovered=29896, total=30843, critical=null, active=215, 1M_pop=1447}, tests={total=666874, 1M_pop=31288}, time=2022-05-02T17:30:04+00:00, day=2022-05-02, deaths={new=null, total=732, 1M_pop=34}, population=21314211}, {continent=Africa, country=Sudan, cases={new=+24, recovered=null, total=62117, critical=null, active=null, 1M_pop=1359}, tests={total=562941, 1M_pop=12318}, time=2022-05-02T17:30:04+00:00, day=2022-05-02, deaths={new=+1, total=4931, 1M_pop=108}, population=45702089}, {continent=Europe, country=Andorra, cases={new=null, recovered=40689, total=41349, critical=14, active=507, 1M_pop=533597}, tests={total=249838, 1M_pop=3224091}, time=2022-05-02T17:30:04+00:00, day=2022-05-02, deaths={new=null, total=153, 1M_pop=1974}, population=77491}, {continent=Africa, country=Guinea, cases={new=null, recovered=35976, total=36459, critical=8, active=43, 1M_pop=2645}, tests={total=660107, 1M_pop=47895}, time=2022-05-02T17:30:04+00:00, day=2022-05-02, deaths={new=null, total=440, 1M_pop=32}, population=13782255}, {continent=Europe, country=Faeroe-Islands, cases={new=null, recovered=7693, total=34658, critical=5, active=26937, 1M_pop=704402}, tests={total=778000, 1M_pop=15812365}, time=2022-05-02T17:30:04+00:00, day=2022-05-02, deaths={new=null, total=28, 1M_pop=569}, population=49202}, {continent=Africa, country=Lesotho, cases={new=null, recovered=24155, total=32910, critical=null, active=8058, 1M_pop=15143}, tests={total=431221, 1M_pop=198424}, time=2022-05-02T17:30:04+00:00, day=2022-05-02, deaths={new=null, total=697, 1M_pop=321}, population=2173229}, {continent=North-America, country=Bermuda, cases={new=null, recovered=12981, total=13488, critical=null, active=376, 1M_pop=218048}, tests={total=876273, 1M_pop=14165880}, time=2022-05-02T17:30:04+00:00, day=2022-05-02, deaths={new=null, total=131, 1M_pop=2118}, population=61858}, {continent=North-America, country=Greenland, cases={new=null, recovered=2761, total=11971, critical=4, active=9189, 1M_pop=210202}, tests={total=164926, 1M_pop=2895979}, time=2022-05-02T17:30:04+00:00, day=2022-05-02, deaths={new=null, total=21, 1M_pop=369}, population=56950}, {continent=Asia, country=Bhutan, cases={new=+28, recovered=58353, total=59247, critical=1, active=873, 1M_pop=75270}, tests={total=2300288, 1M_pop=2922374}, time=2022-05-02T17:30:04+00:00, day=2022-05-02, deaths={new=null, total=21, 1M_pop=27}, population=787130}, {continent=Europe, country=Liechtenstein, cases={new=null, recovered=17016, total=17199, critical=1, active=99, 1M_pop=448732}, tests={total=102174, 1M_pop=2665780}, time=2022-05-02T17:30:04+00:00, day=2022-05-02, deaths={new=null, total=84, 1M_pop=2192}, population=38328}, {continent=Africa, country=Congo, cases={new=null, recovered=20178, total=24079, critical=null, active=3516, 1M_pop=4176}, tests={total=347815, 1M_pop=60328}, time=2022-05-02T17:30:04+00:00, day=2022-05-02, deaths={new=null, total=385, 1M_pop=67}, population=5765366}, {continent=Asia, country=Tajikistan, cases={new=null, recovered=17264, total=17388, critical=null, active=0, 1M_pop=1751}, tests={total=null, 1M_pop=null}, time=2022-05-02T17:30:04+00:00, day=2022-05-02, deaths={new=null, total=124, 1M_pop=12}, population=9927692}, {continent=Oceania, country=Fiji, cases={new=+2, recovered=62791, total=64646, critical=null, active=993, 1M_pop=71172}, tests={total=508091, 1M_pop=559379}, time=2022-05-02T17:30:04+00:00, day=2022-05-02, deaths={new=null, total=862, 1M_pop=949}, population=908313}, {continent=Africa, country=Mauritius, cases={new=+24, recovered=35962, total=37691, critical=null, active=739, 1M_pop=29547}, tests={total=358675, 1M_pop=281176}, time=2022-05-02T17:30:04+00:00, day=2022-05-02, deaths={new=null, total=990, 1M_pop=776}, population=1275624}, {continent=Oceania, country=Papua-New-Guinea, cases={new=null, recovered=43132, total=43817, critical=7, active=35, 1M_pop=4734}, tests={total=249149, 1M_pop=26916}, time=2022-05-02T17:30:04+00:00, day=2022-05-02, deaths={new=null, total=650, 1M_pop=70}, population=9256576}, {continent=Africa, country=Madagascar, cases={new=null, recovered=59370, total=64152, critical=14, active=3391, 1M_pop=2213}, tests={total=422372, 1M_pop=14573}, time=2022-05-02T17:30:04+00:00, day=2022-05-02, deaths={new=null, total=1391, 1M_pop=48}, population=28983118}, {continent=Asia, country=Syria, cases={new=+3, recovered=52159, total=55813, critical=null, active=504, 1M_pop=3054}, tests={total=146269, 1M_pop=8004}, time=2022-05-02T17:30:04+00:00, day=2022-05-02, deaths={new=null, total=3150, 1M_pop=172}, population=18274669}, {continent=North-America, country=Haiti, cases={new=+35, recovered=29520, total=30690, critical=null, active=335, 1M_pop=2633}, tests={total=132422, 1M_pop=11361}, time=2022-05-02T17:30:04+00:00, day=2022-05-02, deaths={new=null, total=835, 1M_pop=72}, population=11655706}, {continent=Europe, country=Gibraltar, cases={new=+131, recovered=16579, total=17837, critical=null, active=1156, 1M_pop=529712}, tests={total=534283, 1M_pop=15866807}, time=2022-05-02T17:30:04+00:00, day=2022-05-02, deaths={new=null, total=102, 1M_pop=3029}, population=33673}, {continent=Europe, country=San-Marino, cases={new=+251, recovered=15960, total=16437, critical=4, active=362, 1M_pop=482575}, tests={total=149271, 1M_pop=4382461}, time=2022-05-02T17:30:04+00:00, day=2022-05-02, deaths={new=+1, total=115, 1M_pop=3376}, population=34061}, {continent=Africa, country=Benin, cases={new=null, recovered=25506, total=26952, critical=5, active=1283, 1M_pop=2122}, tests={total=604310, 1M_pop=47588}, time=2022-05-02T17:30:04+00:00, day=2022-05-02, deaths={new=null, total=163, 1M_pop=13}, population=12698671}, {continent=Africa, country=CAR, cases={new=null, recovered=6859, total=14649, critical=2, active=7677, 1M_pop=2940}, tests={total=81294, 1M_pop=16318}, time=2022-05-02T17:30:04+00:00, day=2022-05-02, deaths={new=null, total=113, 1M_pop=23}, population=4982002}, {continent=Africa, country=Burkina-Faso, cases={new=null, recovered=20439, total=20853, critical=null, active=32, 1M_pop=950}, tests={total=248995, 1M_pop=11349}, time=2022-05-02T17:30:04+00:00, day=2022-05-02, deaths={new=null, total=382, 1M_pop=17}, population=21940430}, {continent=North-America, country=Nicaragua, cases={new=null, recovered=4225, total=18491, critical=null, active=14041, 1M_pop=2732}, tests={total=null, 1M_pop=null}, time=2022-05-02T17:30:04+00:00, day=2022-05-02, deaths={new=null, total=225, 1M_pop=33}, population=6767248}, {continent=South-America, country=French-Guiana, cases={new=null, recovered=11254, total=80859, critical=2, active=69210, 1M_pop=258485}, tests={total=627211, 1M_pop=2005028}, time=2022-05-02T17:30:03+00:00, day=2022-05-02, deaths={new=null, total=395, 1M_pop=1263}, population=312819}, {continent=South-America, country=Suriname, cases={new=null, recovered=49401, total=79336, critical=null, active=28607, 1M_pop=133062}, tests={total=235950, 1M_pop=395733}, time=2022-05-02T17:30:03+00:00, day=2022-05-02, deaths={new=null, total=1328, 1M_pop=2227}, population=596235}, {continent=Europe, country=Channel-Islands, cases={new=null, recovered=73224, total=74383, critical=null, active=990, 1M_pop=420740}, tests={total=1252808, 1M_pop=7086379}, time=2022-05-02T17:30:03+00:00, day=2022-05-02, deaths={new=null, total=169, 1M_pop=956}, population=176791}, {continent=Oceania, country=French-Polynesia, cases={new=null, recovered=null, total=72720, critical=7, active=null, 1M_pop=256169}, tests={total=null, 1M_pop=null}, time=2022-05-02T17:30:03+00:00, day=2022-05-02, deaths={new=null, total=648, 1M_pop=2283}, population=283875}, {continent=Africa, country=Egypt, cases={new=null, recovered=442182, total=515645, critical=122, active=48850, 1M_pop=4871}, tests={total=3693367, 1M_pop=34891}, time=2022-05-02T17:30:03+00:00, day=2022-05-02, deaths={new=null, total=24613, 1M_pop=233}, population=105854445}, {continent=North-America, country=Jamaica, cases={new=null, recovered=83358, total=129978, critical=null, active=43658, 1M_pop=43547}, tests={total=996159, 1M_pop=333750}, time=2022-05-02T17:30:03+00:00, day=2022-05-02, deaths={new=null, total=2962, 1M_pop=992}, population=2984745}, {continent=Africa, country=Cameroon, cases={new=null, recovered=117791, total=119780, critical=13, active=62, 1M_pop=4316}, tests={total=1751774, 1M_pop=63125}, time=2022-05-02T17:30:03+00:00, day=2022-05-02, deaths={new=null, total=1927, 1M_pop=69}, population=27750700}, {continent=Africa, country=Ethiopia, cases={new=+13, recovered=455383, total=470581, critical=11, active=7688, 1M_pop=3916}, tests={total=4791793, 1M_pop=39880}, time=2022-05-02T17:30:03+00:00, day=2022-05-02, deaths={new=null, total=7510, 1M_pop=63}, population=120155855}, {continent=Europe, country=Albania, cases={new=+60, recovered=271254, total=275167, critical=2, active=417, 1M_pop=95808}, tests={total=1807273, 1M_pop=629259}, time=2022-05-02T17:30:03+00:00, day=2022-05-02, deaths={new=null, total=3496, 1M_pop=1217}, population=2872065}, {continent=Africa, country=Malawi, cases={new=null, recovered=82066, total=85781, critical=67, active=1081, 1M_pop=4282}, tests={total=574677, 1M_pop=28689}, time=2022-05-02T17:30:03+00:00, day=2022-05-02, deaths={new=null, total=2634, 1M_pop=131}, population=20031240}, {continent=Africa, country=Kenya, cases={new=+13, recovered=317978, total=323786, critical=null, active=159, 1M_pop=5789}, tests={total=3601063, 1M_pop=64384}, time=2022-05-02T17:30:03+00:00, day=2022-05-02, deaths={new=null, total=5649, 1M_pop=101}, population=55931142}, {continent=Africa, country=Zimbabwe, cases={new=null, recovered=241703, total=247911, critical=12, active=739, 1M_pop=16248}, tests={total=2257204, 1M_pop=147934}, time=2022-05-02T17:30:03+00:00, day=2022-05-02, deaths={new=null, total=5469, 1M_pop=358}, population=15258161}, {continent=South-America, country=Venezuela, cases={new=null, recovered=515703, total=522434, critical=230, active=1022, 1M_pop=18468}, tests={total=3359014, 1M_pop=118740}, time=2022-05-02T17:30:03+00:00, day=2022-05-02, deaths={new=null, total=5709, 1M_pop=202}, population=28288758}, {continent=Asia, country=Cambodia, cases={new=+2, recovered=133116, total=136254, critical=null, active=82, 1M_pop=7949}, tests={total=2953579, 1M_pop=172304}, time=2022-05-02T17:30:03+00:00, day=2022-05-02, deaths={new=null, total=3056, 1M_pop=178}, population=17141647}, {continent=Asia, country=Uzbekistan, cases={new=+19, recovered=236736, total=238627, critical=23, active=254, 1M_pop=6946}, tests={total=1377915, 1M_pop=40108}, time=2022-05-02T17:30:03+00:00, day=2022-05-02, deaths={new=null, total=1637, 1M_pop=48}, population=34355279}, {continent=Asia, country=Kyrgyzstan, cases={new=null, recovered=196405, total=200993, critical=131, active=1597, 1M_pop=29906}, tests={total=1907195, 1M_pop=283775}, time=2022-05-02T17:30:03+00:00, day=2022-05-02, deaths={new=null, total=2991, 1M_pop=445}, population=6720811}, {continent=Asia, country=Laos, cases={new=+106, recovered=7660, total=207714, critical=null, active=199310, 1M_pop=27812}, tests={total=1232128, 1M_pop=164978}, time=2022-05-02T17:30:03+00:00, day=2022-05-02, deaths={new=null, total=744, 1M_pop=100}, population=7468418}, {continent=Asia, country=Taiwan, cases={new=+17858, recovered=27792, total=150808, critical=null, active=122145, 1M_pop=6311}, tests={total=14872734, 1M_pop=622407}, time=2022-05-02T17:30:03+00:00, day=2022-05-02, deaths={new=+3, total=871, 1M_pop=36}, population=23895529}, {continent=Asia, country=Armenia, cases={new=+3, recovered=412003, total=422874, critical=null, active=2249, 1M_pop=142221}, tests={total=3055957, 1M_pop=1027779}, time=2022-05-02T17:30:03+00:00, day=2022-05-02, deaths={new=null, total=8622, 1M_pop=2900}, population=2973361}, {continent=Africa, country=Nigeria, cases={new=null, recovered=249911, total=255753, critical=11, active=2699, 1M_pop=1187}, tests={total=5075820, 1M_pop=23559}, time=2022-05-02T17:30:03+00:00, day=2022-05-02, deaths={new=null, total=3143, 1M_pop=15}, population=215455399}, {continent=Africa, country=Ivory-Coast, cases={new=+27, recovered=81112, total=81957, critical=null, active=46, 1M_pop=2973}, tests={total=1501863, 1M_pop=54476}, time=2022-05-02T17:30:03+00:00, day=2022-05-02, deaths={new=null, total=799, 1M_pop=29}, population=27569286}, {continent=North-America, country=El-Salvador, cases={new=null, recovered=150662, total=162089, critical=8, active=7299, 1M_pop=24762}, tests={total=1950448, 1M_pop=297968}, time=2022-05-02T17:30:03+00:00, day=2022-05-02, deaths={new=null, total=4128, 1M_pop=631}, population=6545820}, {continent=Africa, country=DRC, cases={new=null, recovered=50930, total=87023, critical=null, active=34756, 1M_pop=921}, tests={total=846704, 1M_pop=8965}, time=2022-05-02T17:30:03+00:00, day=2022-05-02, deaths={new=null, total=1337, 1M_pop=14}, population=94442912}, {continent=North-America, country=Guadeloupe, cases={new=null, recovered=2250, total=140130, critical=19, active=137026, 1M_pop=350107}, tests={total=938039, 1M_pop=2343639}, time=2022-05-02T17:30:03+00:00, day=2022-05-02, deaths={new=null, total=854, 1M_pop=2134}, population=400249}, {continent=Asia, country=Afghanistan, cases={new=+2, recovered=161896, total=178901, critical=1124, active=9322, 1M_pop=4414}, tests={total=944738, 1M_pop=23310}, time=2022-05-02T17:30:03+00:00, day=2022-05-02, deaths={new=null, total=7683, 1M_pop=190}, population=40529420}, {continent=Africa, country=Angola, cases={new=null, recovered=97149, total=99194, critical=null, active=145, 1M_pop=2856}, tests={total=1499795, 1M_pop=43188}, time=2022-05-02T17:30:03+00:00, day=2022-05-02, deaths={new=null, total=1900, 1M_pop=55}, population=34727180}, {continent=Europe, country=Malta, cases={new=+114, recovered=87528, total=91975, critical=4, active=3747, 1M_pop=207295}, tests={total=1886047, 1M_pop=4250812}, time=2022-05-02T17:30:03+00:00, day=2022-05-02, deaths={new=+2, total=700, 1M_pop=1578}, population=443691}, {continent=Africa, country=Senegal, cases={new=null, recovered=84017, total=86001, critical=null, active=18, 1M_pop=4900}, tests={total=1070306, 1M_pop=60987}, time=2022-05-02T17:30:03+00:00, day=2022-05-02, deaths={new=null, total=1966, 1M_pop=112}, population=17549622}, {continent=Europe, country=North-Macedonia, cases={new=+137, recovered=299738, total=309571, critical=null, active=553, 1M_pop=148602}, tests={total=2018029, 1M_pop=968708}, time=2022-05-02T17:30:03+00:00, day=2022-05-02, deaths={new=+2, total=9280, 1M_pop=4455}, population=2083218}, {continent=Europe, country=Montenegro, cases={new=+46, recovered=231918, total=235338, critical=6, active=705, 1M_pop=374616}, tests={total=2454364, 1M_pop=3906910}, time=2022-05-02T17:30:03+00:00, day=2022-05-02, deaths={new=null, total=2715, 1M_pop=4322}, population=628211}, {continent=Asia, country=Bahrain, cases={new=+385, recovered=564361, total=569091, critical=1, active=3254, 1M_pop=314494}, tests={total=9724966, 1M_pop=5374257}, time=2022-05-02T17:30:03+00:00, day=2022-05-02, deaths={new=+1, total=1476, 1M_pop=816}, population=1809546}, {continent=Europe, country=Moldova, cases={new=null, recovered=504142, total=516986, critical=49, active=1355, 1M_pop=128705}, tests={total=3216305, 1M_pop=800706}, time=2022-05-02T17:30:03+00:00, day=2022-05-02, deaths={new=null, total=11489, 1M_pop=2860}, population=4016836}, {continent=Africa, country=Libya, cases={new=null, recovered=490973, total=501904, critical=101, active=4501, 1M_pop=71273}, tests={total=2477219, 1M_pop=351779}, time=2022-05-02T17:30:03+00:00, day=2022-05-02, deaths={new=null, total=6430, 1M_pop=913}, population=7041981}, {continent=Asia, country=Cyprus, cases={new=null, recovered=124370, total=474267, critical=60, active=348877, 1M_pop=387658}, tests={total=9477138, 1M_pop=7746456}, time=2022-05-02T17:30:03+00:00, day=2022-05-02, deaths={new=null, total=1020, 1M_pop=834}, population=1223416}, {continent=Asia, country=Mongolia, cases={new=null, recovered=313256, total=469885, critical=192, active=154450, 1M_pop=139237}, tests={total=4030048, 1M_pop=1194186}, time=2022-05-02T17:30:03+00:00, day=2022-05-02, deaths={new=null, total=2179, 1M_pop=646}, population=3374724}, {continent=North-America, country=Honduras, cases={new=null, recovered=132318, total=423179, critical=105, active=279968, 1M_pop=41519}, tests={total=1263329, 1M_pop=123949}, time=2022-05-02T17:30:03+00:00, day=2022-05-02, deaths={new=null, total=10893, 1M_pop=1069}, population=10192359}, {continent=Asia, country=Oman, cases={new=null, recovered=384243, total=389126, critical=4, active=625, 1M_pop=72818}, tests={total=25000000, 1M_pop=4678334}, time=2022-05-02T17:30:03+00:00, day=2022-05-02, deaths={new=null, total=4258, 1M_pop=797}, population=5343783}, {continent=Europe, country=Bosnia-and-Herzegovina, cases={new=null, recovered=192218, total=377087, critical=null, active=169104, 1M_pop=116258}, tests={total=1758191, 1M_pop=542059}, time=2022-05-02T17:30:03+00:00, day=2022-05-02, deaths={new=null, total=15765, 1M_pop=4860}, population=3243544}, {continent=Africa, country=R&eacute;union, cases={new=null, recovered=355605, total=374295, critical=10, active=17948, 1M_pop=412680}, tests={total=1603660, 1M_pop=1768122}, time=2022-05-02T17:30:03+00:00, day=2022-05-02, deaths={new=null, total=742, 1M_pop=818}, population=906985}, {continent=Asia, country=Qatar, cases={new=+53, recovered=363470, total=364655, critical=3, active=508, 1M_pop=129872}, tests={total=3444175, 1M_pop=1226643}, time=2022-05-02T17:30:03+00:00, day=2022-05-02, deaths={new=null, total=677, 1M_pop=241}, population=2807805}, {continent=Africa, country=Zambia, cases={new=+31, recovered=315177, total=319733, critical=1, active=580, 1M_pop=16546}, tests={total=3428401, 1M_pop=177417}, time=2022-05-02T17:30:03+00:00, day=2022-05-02, deaths={new=null, total=3976, 1M_pop=206}, population=19324023}, {continent=Africa, country=Botswana, cases={new=null, recovered=303026, total=305859, critical=1, active=145, 1M_pop=125437}, tests={total=2026898, 1M_pop=831259}, time=2022-05-02T17:30:03+00:00, day=2022-05-02, deaths={new=null, total=2688, 1M_pop=1102}, population=2438347}, {continent=Africa, country=Algeria, cases={new=+2, recovered=178358, total=265782, critical=6, active=80549, 1M_pop=5867}, tests={total=230861, 1M_pop=5097}, time=2022-05-02T17:30:03+00:00, day=2022-05-02, deaths={new=null, total=6875, 1M_pop=152}, population=45297355}, {continent=Europe, country=Luxembourg, cases={new=null, recovered=227197, total=237856, critical=3, active=9595, 1M_pop=369009}, tests={total=4227288, 1M_pop=6558195}, time=2022-05-02T17:30:03+00:00, day=2022-05-02, deaths={new=null, total=1064, 1M_pop=1651}, population=644581}, {continent=Africa, country=Mozambique, cases={new=+2, recovered=223133, total=225386, critical=13, active=52, 1M_pop=6860}, tests={total=1313202, 1M_pop=39970}, time=2022-05-02T17:30:03+00:00, day=2022-05-02, deaths={new=null, total=2201, 1M_pop=67}, population=32854303}, {continent=Europe, country=Iceland, cases={new=null, recovered=75685, total=185579, critical=null, active=109775, 1M_pop=537460}, tests={total=1953616, 1M_pop=5657916}, time=2022-05-02T17:30:03+00:00, day=2022-05-02, deaths={new=null, total=119, 1M_pop=345}, population=345289}, {continent=Asia, country=Maldives, cases={new=null, recovered=163687, total=179171, critical=25, active=15186, 1M_pop=321134}, tests={total=2213831, 1M_pop=3967916}, time=2022-05-02T17:30:03+00:00, day=2022-05-02, deaths={new=null, total=298, 1M_pop=534}, population=557933}, {continent=Africa, country=Uganda, cases={new=null, recovered=100205, total=164069, critical=2, active=60268, 1M_pop=3391}, tests={total=2612795, 1M_pop=54008}, time=2022-05-02T17:30:03+00:00, day=2022-05-02, deaths={new=null, total=3596, 1M_pop=74}, population=48378266}, {continent=Africa, country=Ghana, cases={new=+31, recovered=159712, total=161204, critical=1, active=47, 1M_pop=4997}, tests={total=2437331, 1M_pop=75559}, time=2022-05-02T17:30:03+00:00, day=2022-05-02, deaths={new=null, total=1445, 1M_pop=45}, population=32257533}, {continent=Africa, country=Namibia, cases={new=+78, recovered=153662, total=158811, critical=null, active=1124, 1M_pop=60501}, tests={total=1007690, 1M_pop=383889}, time=2022-05-02T17:30:03+00:00, day=2022-05-02, deaths={new=null, total=4025, 1M_pop=1533}, population=2624953}, {continent=North-America, country=Martinique, cases={new=null, recovered=104, total=153253, critical=8, active=152223, 1M_pop=408966}, tests={total=828928, 1M_pop=2212050}, time=2022-05-02T17:30:03+00:00, day=2022-05-02, deaths={new=null, total=926, 1M_pop=2471}, population=374733}, {continent=North-America, country=Trinidad-and-Tobago, cases={new=+468, recovered=135209, total=148335, critical=18, active=9295, 1M_pop=105369}, tests={total=704554, 1M_pop=500476}, time=2022-05-02T17:30:03+00:00, day=2022-05-02, deaths={new=+2, total=3831, 1M_pop=2721}, population=1407768}, {continent=Asia, country=Brunei, cases={new=+61, recovered=141022, total=141911, critical=1, active=671, 1M_pop=318807}, tests={total=717784, 1M_pop=1612519}, time=2022-05-02T17:30:03+00:00, day=2022-05-02, deaths={new=null, total=218, 1M_pop=490}, population=445132}, {continent=Africa, country=Rwanda, cases={new=+4, recovered=45522, total=129810, critical=null, active=82829, 1M_pop=9588}, tests={total=5275615, 1M_pop=389675}, time=2022-05-02T17:30:03+00:00, day=2022-05-02, deaths={new=null, total=1459, 1M_pop=108}, population=13538517}, {continent=Asia, country=Israel, cases={new=+1752, recovered=4046110, total=4077863, critical=220, active=21055, 1M_pop=437257}, tests={total=41373364, 1M_pop=4436346}, time=2022-05-02T17:30:02+00:00, day=2022-05-02, deaths={new=+3, total=10698, 1M_pop=1147}, population=9326000}, {continent=Asia, country=Malaysia, cases={new=+1503, recovered=4372790, total=4449507, critical=69, active=41167, 1M_pop=134331}, tests={total=58769192, 1M_pop=1774242}, time=2022-05-02T17:30:02+00:00, day=2022-05-02, deaths={new=+3, total=35550, 1M_pop=1073}, population=33123555}, {continent=North-America, country=USA, cases={new=+16518, recovered=80719929, total=83083425, critical=1554, active=1342642, 1M_pop=248345}, tests={total=1005593629, 1M_pop=3005820}, time=2022-05-02T17:30:02+00:00, day=2022-05-02, deaths={new=+21, total=1020854, 1M_pop=3051}, population=334548810}, {continent=Asia, country=Myanmar, cases={new=+17, recovered=591826, total=612900, critical=null, active=1640, 1M_pop=11128}, tests={total=7962713, 1M_pop=144579}, time=2022-05-02T17:30:02+00:00, day=2022-05-02, deaths={new=null, total=19434, 1M_pop=353}, population=55075204}, {continent=Europe, country=UK, cases={new=null, recovered=21264128, total=22038340, critical=302, active=599300, 1M_pop=321551}, tests={total=517337635, 1M_pop=7548239}, time=2022-05-02T17:30:02+00:00, day=2022-05-02, deaths={new=null, total=174912, 1M_pop=2552}, population=68537525}, {continent=Asia, country=S-Korea, cases={new=+20084, recovered=null, total=17295733, critical=461, active=null, 1M_pop=336822}, tests={total=15804065, 1M_pop=307773}, time=2022-05-02T17:30:02+00:00, day=2022-05-02, deaths={new=+83, total=22958, 1M_pop=447}, population=51349793}, {continent=Asia, country=Thailand, cases={new=+9331, recovered=4114046, total=4271815, critical=1496, active=129065, 1M_pop=60922}, tests={total=17270775, 1M_pop=246303}, time=2022-05-02T17:30:02+00:00, day=2022-05-02, deaths={new=+84, total=28704, 1M_pop=409}, population=70119963}, {continent=Europe, country=Belgium, cases={new=null, recovered=3819609, total=4056448, critical=150, active=205400, 1M_pop=347246}, tests={total=33531891, 1M_pop=2870445}, time=2022-05-02T17:30:02+00:00, day=2022-05-02, deaths={new=null, total=31439, 1M_pop=2691}, population=11681774}, {continent=Europe, country=Switzerland, cases={new=null, recovered=3477036, total=3602489, critical=87, active=111594, 1M_pop=410762}, tests={total=20767523, 1M_pop=2367950}, time=2022-05-02T17:30:02+00:00, day=2022-05-02, deaths={new=null, total=13859, 1M_pop=1580}, population=8770255}, {continent=South-America, country=Chile, cases={new=null, recovered=3419375, total=3561016, critical=211, active=84102, 1M_pop=183406}, tests={total=37050142, 1M_pop=1908228}, time=2022-05-02T17:30:02+00:00, day=2022-05-02, deaths={new=null, total=57539, 1M_pop=2963}, population=19415990}, {continent=Europe, country=Sweden, cases={new=null, recovered=2470701, total=2500917, critical=21, active=11477, 1M_pop=244844}, tests={total=18513445, 1M_pop=1812500}, time=2022-05-02T17:30:02+00:00, day=2022-05-02, deaths={new=null, total=18739, 1M_pop=1835}, population=10214317}, {continent=Oceania, country=New-Zealand, cases={new=+6731, recovered=889320, total=943428, critical=null, active=53395, 1M_pop=188606}, tests={total=7081425, 1M_pop=1415690}, time=2022-05-02T17:30:02+00:00, day=2022-05-02, deaths={new=+6, total=713, 1M_pop=143}, population=5002100}, {continent=Europe, country=France, cases={new=null, recovered=26826905, total=28682011, critical=1557, active=1709144, 1M_pop=437643}, tests={total=266484045, 1M_pop=4066138}, time=2022-05-02T17:30:02+00:00, day=2022-05-02, deaths={new=null, total=145962, 1M_pop=2227}, population=65537387}, {continent=South-America, country=Argentina, cases={new=null, recovered=8895999, total=9083673, critical=372, active=59021, 1M_pop=197671}, tests={total=35716069, 1M_pop=777223}, time=2022-05-02T17:30:02+00:00, day=2022-05-02, deaths={new=null, total=128653, 1M_pop=2800}, population=45953458}, {continent=Asia, country=Pakistan, cases={new=+40, recovered=1494141, total=1528518, critical=111, active=4005, 1M_pop=6683}, tests={total=28192123, 1M_pop=123257}, time=2022-05-02T17:30:02+00:00, day=2022-05-02, deaths={new=+1, total=30372, 1M_pop=133}, population=228726193}, {continent=South-America, country=Peru, cases={new=null, recovered=null, total=3565839, critical=297, active=null, 1M_pop=105464}, tests={total=29874150, 1M_pop=883566}, time=2022-05-02T17:30:02+00:00, day=2022-05-02, deaths={new=null, total=212841, 1M_pop=6295}, population=33810892}, {continent=South-America, country=South-America, cases={new=+33, recovered=52948528, total=56823924, critical=10772, active=2580751, 1M_pop=null}, tests={total=null, 1M_pop=null}, time=2022-05-02T17:30:02+00:00, day=2022-05-02, deaths={new=null, total=1294645, 1M_pop=null}, population=null}, {continent=Asia, country=Japan, cases={new=+25425, recovered=7479421, total=7901933, critical=164, active=392911, 1M_pop=62829}, tests={total=48810804, 1M_pop=388098}, time=2022-05-02T17:30:02+00:00, day=2022-05-02, deaths={new=+34, total=29601, 1M_pop=235}, population=125769179}, {continent=South-America, country=Bolivia, cases={new=+33, recovered=859142, total=905074, critical=220, active=24009, 1M_pop=75650}, tests={total=2699040, 1M_pop=225599}, time=2022-05-02T17:30:02+00:00, day=2022-05-02, deaths={new=null, total=21923, 1M_pop=1832}, population=11963898}, {continent=Asia, country=India, cases={new=null, recovered=42538976, total=43082502, critical=698, active=19657, 1M_pop=30668}, tests={total=838208698, 1M_pop=596678}, time=2022-05-02T17:30:02+00:00, day=2022-05-02, deaths={new=null, total=523869, 1M_pop=373}, population=1404791509}, {continent=Oceania, country=Australia, cases={new=+31084, recovered=5624690, total=5991928, critical=135, active=359994, 1M_pop=230101}, tests={total=69443660, 1M_pop=2666767}, time=2022-05-02T17:30:02+00:00, day=2022-05-02, deaths={new=+13, total=7244, 1M_pop=278}, population=26040394}, {continent=Asia, country=Kazakhstan, cases={new=+5, recovered=1291089, total=1305548, critical=24, active=799, 1M_pop=68043}, tests={total=11575012, 1M_pop=603273}, time=2022-05-02T17:30:02+00:00, day=2022-05-02, deaths={new=null, total=13660, 1M_pop=712}, population=19187011}, {continent=Europe, country=Czechia, cases={new=+396, recovered=3854019, total=3906098, critical=23, active=11915, 1M_pop=363518}, tests={total=55211168, 1M_pop=5138180}, time=2022-05-02T17:30:02+00:00, day=2022-05-02, deaths={new=+2, total=40164, 1M_pop=3738}, population=10745277}, {continent=Asia, country=Georgia, cases={new=+51, recovered=1637293, total=1655221, critical=null, active=1117, 1M_pop=416389}, tests={total=16920079, 1M_pop=4256432}, time=2022-05-02T17:30:02+00:00, day=2022-05-02, deaths={new=+1, total=16811, 1M_pop=4229}, population=3975179}, {continent=Europe, country=Hungary, cases={new=+2183, recovered=1808061, total=1903200, critical=40, active=48873, 1M_pop=197930}, tests={total=11355462, 1M_pop=1180949}, time=2022-05-02T17:30:02+00:00, day=2022-05-02, deaths={new=+65, total=46266, 1M_pop=4812}, population=9615541}, {continent=Europe, country=Lithuania, cases={new=+105, recovered=1024882, total=1058537, critical=34, active=24550, 1M_pop=399007}, tests={total=8251467, 1M_pop=3110326}, time=2022-05-02T17:30:02+00:00, day=2022-05-02, deaths={new=+6, total=9105, 1M_pop=3432}, population=2652927}, {continent=Europe, country=Austria, cases={new=+4098, recovered=4055726, total=4149004, critical=90, active=75108, 1M_pop=455920}, tests={total=183157777, 1M_pop=20126600}, time=2022-05-02T17:30:02+00:00, day=2022-05-02, deaths={new=+9, total=18170, 1M_pop=1997}, population=9100284}, {continent=Europe, country=Russia, cases={new=+6207, recovered=17556220, total=18195608, critical=2300, active=263221, 1M_pop=124586}, tests={total=273400000, 1M_pop=1871977}, time=2022-05-02T17:30:02+00:00, day=2022-05-02, deaths={new=+136, total=376167, 1M_pop=2576}, population=146048781}, {continent=Europe, country=Poland, cases={new=+188, recovered=5334736, total=5996935, critical=1321, active=546140, 1M_pop=158771}, tests={total=36104936, 1M_pop=955893}, time=2022-05-02T17:30:02+00:00, day=2022-05-02, deaths={new=null, total=116059, 1M_pop=3073}, population=37770886}, {continent=Europe, country=Slovakia, cases={new=+150, recovered=1745341, total=1781842, critical=70, active=16570, 1M_pop=326078}, tests={total=7094321, 1M_pop=1298263}, time=2022-05-02T17:30:02+00:00, day=2022-05-02, deaths={new=+14, total=19931, 1M_pop=3647}, population=5464473}, {continent=Europe, country=Belarus, cases={new=null, recovered=928536, total=980680, critical=null, active=45195, 1M_pop=103845}, tests={total=13167283, 1M_pop=1394301}, time=2022-05-02T17:30:02+00:00, day=2022-05-02, deaths={new=null, total=6949, 1M_pop=736}, population=9443645}, {continent=Asia, country=Iran, cases={new=+697, recovered=6989358, total=7223005, critical=1038, active=92533, 1M_pop=84031}, tests={total=50914586, 1M_pop=592327}, time=2022-05-02T17:30:02+00:00, day=2022-05-02, deaths={new=+18, total=141114, 1M_pop=1642}, population=85956910}, {continent=Asia, country=Nepal, cases={new=+8, recovered=966674, total=978836, critical=null, active=211, 1M_pop=32526}, tests={total=5642144, 1M_pop=187484}, time=2022-05-02T17:30:02+00:00, day=2022-05-02, deaths={new=null, total=11951, 1M_pop=397}, population=30094011}, {continent=Asia, country=UAE, cases={new=+222, recovered=882591, total=899033, critical=null, active=14140, 1M_pop=88936}, tests={total=156338294, 1M_pop=15465706}, time=2022-05-02T17:30:02+00:00, day=2022-05-02, deaths={new=null, total=2302, 1M_pop=228}, population=10108707}, {continent=Europe, country=Romania, cases={new=+528, recovered=2606660, total=2894896, critical=191, active=222740, 1M_pop=152337}, tests={total=22725764, 1M_pop=1195886}, time=2022-05-02T17:30:02+00:00, day=2022-05-02, deaths={new=+3, total=65496, 1M_pop=3447}, population=19003285}, {continent=Asia, country=Vietnam, cases={new=+3123, recovered=9265456, total=10656649, critical=475, active=1348149, 1M_pop=107710}, tests={total=85800783, 1M_pop=867212}, time=2022-05-02T17:30:02+00:00, day=2022-05-02, deaths={new=+2, total=43044, 1M_pop=435}, population=98938645}, {continent=Asia, country=Indonesia, cases={new=+168, recovered=5883664, total=6047208, critical=2771, active=7257, 1M_pop=21690}, tests={total=95693154, 1M_pop=343223}, time=2022-05-02T17:30:02+00:00, day=2022-05-02, deaths={new=+14, total=156287, 1M_pop=561}, population=278807646}, {continent=South-America, country=Brazil, cases={new=+6254, recovered=29533039, total=30454490, critical=8318, active=257884, 1M_pop=141438}, tests={total=63776166, 1M_pop=296193}, time=2022-05-02T17:30:02+00:00, day=2022-05-02, deaths={new=+16, total=663567, 1M_pop=3082}, population=215319917}, {continent=Europe, country=Croatia, cases={new=+47, recovered=1102510, total=1123029, critical=15, active=4676, 1M_pop=276675}, tests={total=4790822, 1M_pop=1180289}, time=2022-05-02T17:30:02+00:00, day=2022-05-02, deaths={new=+8, total=15843, 1M_pop=3903}, population=4059024}, {continent=Europe, country=Slovenia, cases={new=+229, recovered=991301, total=1010785, critical=22, active=12889, 1M_pop=486081}, tests={total=2646952, 1M_pop=1272904}, time=2022-05-02T17:30:02+00:00, day=2022-05-02, deaths={new=+2, total=6595, 1M_pop=3171}, population=2079460}, {continent=Europe, country=Ireland, cases={new=null, recovered=1461810, total=1517112, critical=41, active=48215, 1M_pop=301101}, tests={total=12063637, 1M_pop=2394267}, time=2022-05-02T17:30:02+00:00, day=2022-05-02, deaths={new=null, total=7087, 1M_pop=1407}, population=5038551}, {continent=Asia, country=Turkey, cases={new=+1480, recovered=14930088, total=15033573, critical=975, active=4702, 1M_pop=174815}, tests={total=159133216, 1M_pop=1850450}, time=2022-05-02T17:30:02+00:00, day=2022-05-02, deaths={new=+12, total=98783, 1M_pop=1149}, population=85997034}, {continent=Asia, country=Bangladesh, cases={new=+10, recovered=1896001, total=1952726, critical=1297, active=27598, 1M_pop=11645}, tests={total=13995586, 1M_pop=83463}, time=2022-05-02T17:30:02+00:00, day=2022-05-02, deaths={new=null, total=29127, 1M_pop=174}, population=167686928}, {continent=Europe, country=Portugal, cases={new=null, recovered=null, total=3853800, critical=61, active=null, 1M_pop=379969}, tests={total=41336850, 1M_pop=4075649}, time=2022-05-02T17:30:02+00:00, day=2022-05-02, deaths={new=null, total=22280, 1M_pop=2197}, population=10142397}, {continent=South-America, country=Colombia, cases={new=null, recovered=5926476, total=6092667, critical=342, active=26394, 1M_pop=117452}, tests={total=34465052, 1M_pop=664403}, time=2022-05-02T17:30:02+00:00, day=2022-05-02, deaths={new=null, total=139797, 1M_pop=2695}, population=51873698}, {continent=Europe, country=Denmark, cases={new=+717, recovered=2944379, total=2967388, critical=8, active=16826, 1M_pop=509032}, tests={total=127233608, 1M_pop=21825942}, time=2022-05-02T17:30:02+00:00, day=2022-05-02, deaths={new=+13, total=6183, 1M_pop=1061}, population=5829467}, {continent=Asia, country=Saudi-Arabia, cases={new=+128, recovered=741906, total=754238, critical=49, active=3239, 1M_pop=21066}, tests={total=41912766, 1M_pop=1170609}, time=2022-05-02T17:30:02+00:00, day=2022-05-02, deaths={new=+4, total=9093, 1M_pop=254}, population=35804252}, {continent=North-America, country=Mexico, cases={new=+911, recovered=5038901, total=5739680, critical=4798, active=376445, 1M_pop=43678}, tests={total=15801675, 1M_pop=120249}, time=2022-05-02T17:30:02+00:00, day=2022-05-02, deaths={new=+40, total=324334, 1M_pop=2468}, population=131407522}, {continent=Europe, country=Ukraine, cases={new=null, recovered=null, total=5001719, critical=177, active=null, 1M_pop=115636}, tests={total=19521252, 1M_pop=451318}, time=2022-05-02T17:30:02+00:00, day=2022-05-02, deaths={new=null, total=108391, 1M_pop=2506}, population=43253836}, {continent=Europe, country=Latvia, cases={new=+713, recovered=809733, total=822726, critical=8, active=7223, 1M_pop=445171}, tests={total=7182151, 1M_pop=3886208}, time=2022-05-02T17:30:02+00:00, day=2022-05-02, deaths={new=+10, total=5770, 1M_pop=3122}, population=1848113}, {continent=Africa, country=South-Africa, cases={new=+3838, recovered=3650115, total=3795763, critical=192, active=45285, 1M_pop=62559}, tests={total=24492958, 1M_pop=403676}, time=2022-05-02T17:30:02+00:00, day=2022-05-02, deaths={new=null, total=100363, 1M_pop=1654}, population=60674734}, {continent=North-America, country=Canada, cases={new=+2243, recovered=3457372, total=3751326, critical=468, active=254694, 1M_pop=97827}, tests={total=60871310, 1M_pop=1587393}, time=2022-05-02T17:30:02+00:00, day=2022-05-02, deaths={new=+17, total=39260, 1M_pop=1024}, population=38346723}, {continent=Asia, country=Philippines, cases={new=+188, recovered=3620369, total=3686082, critical=289, active=5303, 1M_pop=32839}, tests={total=29599478, 1M_pop=263703}, time=2022-05-02T17:30:02+00:00, day=2022-05-02, deaths={new=+13, total=60410, 1M_pop=538}, population=112245459}, {continent=Asia, country=Hong-Kong, cases={new=+283, recovered=null, total=1204793, critical=5, active=null, 1M_pop=158357}, tests={total=44972952, 1M_pop=5911192}, time=2022-05-02T17:30:02+00:00, day=2022-05-02, deaths={new=+5, total=9318, 1M_pop=1225}, population=7608102}, {continent=Asia, country=Iraq, cases={new=+83, recovered=2297956, total=2325175, critical=15, active=2008, 1M_pop=55532}, tests={total=18481057, 1M_pop=441383}, time=2022-05-02T17:30:02+00:00, day=2022-05-02, deaths={new=null, total=25211, 1M_pop=602}, population=41870842}, {continent=Oceania, country=Oceania, cases={new=+37949, recovered=6756980, total=7233540, critical=172, active=465920, 1M_pop=null}, tests={total=null, 1M_pop=null}, time=2022-05-02T17:30:02+00:00, day=2022-05-02, deaths={new=+19, total=10640, 1M_pop=null}, population=null}, {continent=Europe, country=Netherlands, cases={new=+1282, recovered=7875675, total=8051301, critical=70, active=153370, 1M_pop=467986}, tests={total=21107399, 1M_pop=1226879}, time=2022-05-02T17:30:02+00:00, day=2022-05-02, deaths={new=+3, total=22256, 1M_pop=1294}, population=17204137}, {continent=Asia, country=Jordan, cases={new=null, recovered=1678941, total=1694216, critical=124, active=1227, 1M_pop=163091}, tests={total=16670254, 1M_pop=1604732}, time=2022-05-02T17:30:02+00:00, day=2022-05-02, deaths={new=null, total=14048, 1M_pop=1352}, population=10388185}, {continent=Europe, country=Norway, cases={new=+115, recovered=null, total=1426128, critical=20, active=null, 1M_pop=259358}, tests={total=11002430, 1M_pop=2000919}, time=2022-05-02T17:30:02+00:00, day=2022-05-02, deaths={new=null, total=2932, 1M_pop=533}, population=5498688}, {continent=Europe, country=Germany, cases={new=+20595, recovered=22469200, total=24791190, critical=1446, active=2186043, 1M_pop=294176}, tests={total=122332384, 1M_pop=1451613}, time=2022-05-02T17:30:02+00:00, day=2022-05-02, deaths={new=+34, total=135947, 1M_pop=1613}, population=84273389}, {continent=Asia, country=Singapore, cases={new=+1732, recovered=1137970, total=1199640, critical=7, active=60334, 1M_pop=202150}, tests={total=23767171, 1M_pop=4004982}, time=2022-05-02T17:30:02+00:00, day=2022-05-02, deaths={new=+1, total=1336, 1M_pop=225}, population=5934402}, {continent=North-America, country=Cuba, cases={new=+155, recovered=1093878, total=1103286, critical=23, active=881, 1M_pop=97515}, tests={total=12920253, 1M_pop=1141972}, time=2022-05-02T17:30:02+00:00, day=2022-05-02, deaths={new=null, total=8527, 1M_pop=754}, population=11313986}, {continent=Europe, country=Bulgaria, cases={new=+242, recovered=978294, total=1156971, critical=81, active=141759, 1M_pop=168829}, tests={total=9851635, 1M_pop=1437585}, time=2022-05-02T17:30:02+00:00, day=2022-05-02, deaths={new=+5, total=36918, 1M_pop=5387}, population=6852907}, {continent=Europe, country=Serbia, cases={new=+396, recovered=1977662, total=2007091, critical=21, active=13427, 1M_pop=231416}, tests={total=9497175, 1M_pop=1095017}, time=2022-05-02T17:30:02+00:00, day=2022-05-02, deaths={new=+3, total=16002, 1M_pop=1845}, population=8673082}, {continent=Asia, country=Lebanon, cases={new=+89, recovered=1081770, total=1097044, critical=186, active=4887, 1M_pop=162054}, tests={total=4795578, 1M_pop=708398}, time=2022-05-02T17:30:02+00:00, day=2022-05-02, deaths={new=+1, total=10387, 1M_pop=1534}, population=6769612}, {continent=Europe, country=Italy, cases={new=+18896, recovered=15155021, total=16523859, critical=368, active=1205102, 1M_pop=274030}, tests={total=214183728, 1M_pop=3552004}, time=2022-05-02T17:30:02+00:00, day=2022-05-02, deaths={new=+124, total=163736, 1M_pop=2715}, population=60299411}, {continent=Africa, country=Tunisia, cases={new=null, recovered=null, total=1040193, critical=29, active=null, 1M_pop=86362}, tests={total=4572976, 1M_pop=379672}, time=2022-05-02T17:30:02+00:00, day=2022-05-02, deaths={new=null, total=28550, 1M_pop=2370}, population=12044547}, {continent=Europe, country=Greece, cases={new=+2665, recovered=3230438, total=3331288, critical=235, active=71645, 1M_pop=322485}, tests={total=79941425, 1M_pop=7738722}, time=2022-05-02T17:30:02+00:00, day=2022-05-02, deaths={new=+30, total=29205, 1M_pop=2827}, population=10330055}, {continent=Europe, country=Finland, cases={new=null, recovered=46000, total=1023013, critical=24, active=973074, 1M_pop=184113}, tests={total=10720282, 1M_pop=1929342}, time=2022-05-02T17:30:02+00:00, day=2022-05-02, deaths={new=null, total=3939, 1M_pop=709}, population=5556445}, {continent=Africa, country=Africa, cases={new=+35, recovered=11105146, total=11906529, critical=970, active=547588, 1M_pop=null}, tests={total=null, 1M_pop=null}, time=2022-05-02T17:30:02+00:00, day=2022-05-02, deaths={new=null, total=253795, 1M_pop=null}, population=null}, {continent=Africa, country=Morocco, cases={new=+11, recovered=1148556, total=1164984, critical=293, active=359, 1M_pop=30893}, tests={total=11237010, 1M_pop=297986}, time=2022-05-02T17:30:02+00:00, day=2022-05-02, deaths={new=null, total=16069, 1M_pop=426}, population=37709802}, {continent=Asia, country=Asia, cases={new=+78681, recovered=126136228, total=148112041, critical=12663, active=20551227, 1M_pop=null}, tests={total=null, 1M_pop=null}, time=2022-05-02T17:30:02+00:00, day=2022-05-02, deaths={new=+294, total=1424586, 1M_pop=null}, population=null}, {continent=South-America, country=Uruguay, cases={new=null, recovered=886654, total=895775, critical=18, active=1924, 1M_pop=256249}, tests={total=6091188, 1M_pop=1742468}, time=2022-05-02T17:30:02+00:00, day=2022-05-02, deaths={new=null, total=7197, 1M_pop=2059}, population=3495724}, {continent=Europe, country=Europe, cases={new=+59555, recovered=176837745, total=191294388, critical=9217, active=12637926, 1M_pop=null}, tests={total=null, 1M_pop=null}, time=2022-05-02T17:30:02+00:00, day=2022-05-02, deaths={new=+464, total=1818717, 1M_pop=null}, population=null}, {continent=South-America, country=Ecuador, cases={new=null, recovered=null, total=869696, critical=759, active=null, 1M_pop=47964}, tests={total=2470170, 1M_pop=136229}, time=2022-05-02T17:30:02+00:00, day=2022-05-02, deaths={new=null, total=35598, 1M_pop=1963}, population=18132441}, {continent=All, country=All, cases={new=+176408, recovered=467992822, total=513719608, critical=40903, active=39464441, 1M_pop=65905}, tests={total=null, 1M_pop=null}, time=2022-05-02T17:30:02+00:00, day=2022-05-02, deaths={new=+777, total=6262345, 1M_pop=803.4}, population=null}, {continent=North-America, country=Costa-Rica, cases={new=null, recovered=832853, total=852074, critical=45, active=10816, 1M_pop=164522}, tests={total=4291131, 1M_pop=828547}, time=2022-05-02T17:30:02+00:00, day=2022-05-02, deaths={new=null, total=8405, 1M_pop=1623}, population=5179102}, {continent=Asia, country=Sri-Lanka, cases={new=+35, recovered=646129, total=663408, critical=null, active=774, 1M_pop=30746}, tests={total=6486117, 1M_pop=300599}, time=2022-05-02T17:30:02+00:00, day=2022-05-02, deaths={new=null, total=16505, 1M_pop=765}, population=21577281}, {continent=North-America, country=Guatemala, cases={new=null, recovered=826602, total=846546, critical=5, active=2360, 1M_pop=45708}, tests={total=4454022, 1M_pop=240486}, time=2022-05-02T17:30:02+00:00, day=2022-05-02, deaths={new=null, total=17584, 1M_pop=949}, population=18520882}, {continent=Asia, country=Azerbaijan, cases={new=+16, recovered=782781, total=792578, critical=null, active=88, 1M_pop=76903}, tests={total=6817342, 1M_pop=661484}, time=2022-05-02T17:30:02+00:00, day=2022-05-02, deaths={new=null, total=9709, 1M_pop=942}, population=10306140}, {continent=North-America, country=Panama, cases={new=+700, recovered=762170, total=777120, critical=8, active=6766, 1M_pop=175073}, tests={total=5878625, 1M_pop=1324361}, time=2022-05-02T17:30:02+00:00, day=2022-05-02, deaths={new=null, total=8184, 1M_pop=1844}, population=4438839}, {continent=South-America, country=Paraguay, cases={new=null, recovered=624673, total=649455, critical=2, active=5912, 1M_pop=89057}, tests={total=2623300, 1M_pop=359721}, time=2022-05-02T17:30:02+00:00, day=2022-05-02, deaths={new=null, total=18870, 1M_pop=2588}, population=7292594}, {continent=Asia, country=Kuwait, cases={new=null, recovered=628090, total=631409, critical=8, active=764, 1M_pop=143962}, tests={total=8007805, 1M_pop=1825789}, time=2022-05-02T17:30:02+00:00, day=2022-05-02, deaths={new=null, total=2555, 1M_pop=583}, population=4385942}, {continent=Asia, country=Palestine, cases={new=null, recovered=576242, total=581940, critical=17, active=345, 1M_pop=109429}, tests={total=3078533, 1M_pop=578892}, time=2022-05-02T17:30:02+00:00, day=2022-05-02, deaths={new=null, total=5353, 1M_pop=1007}, population=5317979}, {continent=North-America, country=Dominican-Republic, cases={new=+195, recovered=574726, total=579443, critical=1, active=341, 1M_pop=52454}, tests={total=3279736, 1M_pop=296899}, time=2022-05-02T17:30:02+00:00, day=2022-05-02, deaths={new=null, total=4376, 1M_pop=396}, population=11046649}, {continent=Europe, country=Estonia, cases={new=null, recovered=511039, total=572193, critical=3, active=58615, 1M_pop=430815}, tests={total=3326696, 1M_pop=2504731}, time=2022-05-02T17:30:02+00:00, day=2022-05-02, deaths={new=null, total=2539, 1M_pop=1912}, population=1328165}, {continent=Europe, country=Spain, cases={new=null, recovered=11389694, total=11896152, critical=339, active=402002, 1M_pop=254257}, tests={total=471036328, 1M_pop=10067500}, time=2022-05-02T17:30:02+00:00, day=2022-05-02, deaths={new=null, total=104456, 1M_pop=2233}, population=46787813}, {continent=North-America, country=North-America, cases={new=+155, recovered=94207489, total=98348465, critical=7109, active=2681029, 1M_pop=null}, tests={total=null, 1M_pop=null}, time=2022-05-02T17:30:01+00:00, day=2022-05-02, deaths={new=null, total=1459947, 1M_pop=null}, population=null}, {continent=null, country=MS-Zaandam-, cases={new=+7, recovered=null, total=9, critical=null, active=7, 1M_pop=null}, tests={total=null, 1M_pop=null}, time=2020-04-09T15:45:06+00:00, day=2020-04-09, deaths={new=+2, total=2, 1M_pop=null}, population=null}, {continent=null, country=Diamond-Princess-, cases={new=null, recovered=619, total=712, critical=10, active=82, 1M_pop=null}, tests={total=null, 1M_pop=null}, time=2020-04-09T15:45:06+00:00, day=2020-04-09, deaths={new=null, total=11, 1M_pop=null}, population=null}, {continent=null, country=US-Virgin-Islands, cases={new=+11, recovered=null, total=17, critical=null, active=17, 1M_pop=163}, tests={total=null, 1M_pop=null}, time=2020-03-25T06:00:07+00:00, day=2020-03-25, deaths={new=null, total=null, 1M_pop=null}, population=null}, {continent=null, country=Puerto-Rico, cases={new=+8, recovered=1, total=39, critical=null, active=36, 1M_pop=14}, tests={total=null, 1M_pop=null}, time=2020-03-25T06:00:07+00:00, day=2020-03-25, deaths={new=null, total=2, 1M_pop=null}, population=null}, {continent=null, country=Guam, cases={new=+3, recovered=null, total=32, critical=null, active=31, 1M_pop=190}, tests={total=null, 1M_pop=null}, time=2020-03-25T06:00:07+00:00, day=2020-03-25, deaths={new=null, total=1, 1M_pop=null}, population=null}]>

	at ua.tqs.coviddata.ControllerTests.CovidControllerRestAssuredTest.whenGetStatistics_thenReturnJson(CovidControllerRestAssuredTest.java:120)

