<?xml version="1.0" encoding="UTF-8"?>
<testsuite xmlns:xsi="http://www.w3.org/2001/XMLSchema-instance" xsi:noNamespaceSchemaLocation="https://maven.apache.org/surefire/maven-surefire-plugin/xsd/surefire-test-report.xsd" name="lab7_1.RestAssured.RestAssuredTest" time="1.514" tests="3" errors="0" skipped="0" failures="0">
  <properties>
[...]
</properties>
  <testcase name="whenGetTodos_thenStatusCode200" classname="lab7_1.RestAssured.RestAssuredTest" time="1.009"/>
  <testcase name="whenGetTodo4_thenCheckTitle" classname="lab7_1.RestAssured.RestAssuredTest" time="0.39"/>
  <testcase name="whenListAllTodos_thenCheckIds" classname="lab7_1.RestAssured.RestAssuredTest" time="0.11"/>
</testsuite>