<?xml version="1.0" encoding="UTF-8"?>
<testsuite xmlns:xsi="http://www.w3.org/2001/XMLSchema-instance" xsi:noNamespaceSchemaLocation="https://maven.apache.org/surefire/maven-surefire-plugin/xsd/surefire-test-report.xsd" name="selenium.BlazeDemoTest" time="2.885" tests="1" errors="1" skipped="0" failures="0">
  <properties>
[...]
</properties>
  <testcase name="lab4_2" classname="selenium.BlazeDemoTest" time="2.873">
    <error message="Unable to locate element using css&#10;For documentation on this error, please visit: http://seleniumhq.org/exceptions/no_such_element.html&#10;Build info: version: &apos;2.52.0&apos;, revision: &apos;4c2593cfc3689a7fcd7be52549167e5ccc93ad28&apos;, time: &apos;2016-02-11 11:22:43&apos;&#10;System info: host: &apos;pmd&apos;, ip: &apos;192.168.1.70&apos;, os.name: &apos;Linux&apos;, os.arch: &apos;amd64&apos;, os.version: &apos;5.4.0-107-generic&apos;, java.version: &apos;11.0.14.1&apos;&#10;Driver info: driver.version: HtmlUnitDriver" type="org.openqa.selenium.NoSuchElementException">org.openqa.selenium.NoSuchElementException: 
Unable to locate element using css
For documentation on this error, please visit: http://seleniumhq.org/exceptions/no_such_element.html
Build info: version: '2.52.0', revision: '4c2593cfc3689a7fcd7be52549167e5ccc93ad28', time: '2016-02-11 11:22:43'
System info: host: 'pmd', ip: '192.168.1.70', os.name: 'Linux', os.arch: 'amd64', os.version: '5.4.0-107-generic', java.version: '11.0.14.1'
Driver info: driver.version: HtmlUnitDriver
	at selenium.BlazeDemoTest.lab4_2(BlazeDemoTest.java:38)
Caused by: org.w3c.css.sac.CSSException: Invalid selector: tr:nth-child(2) *.btn
	at selenium.BlazeDemoTest.lab4_2(BlazeDemoTest.java:38)
</error>
    <system-err><![CDATA[SLF4J: Failed to load class "org.slf4j.impl.StaticLoggerBinder".
SLF4J: Defaulting to no-operation (NOP) logger implementation
SLF4J: See http://www.slf4j.org/codes.html#StaticLoggerBinder for further details.
]]></system-err>
  </testcase>
</testsuite>